<?xml version="1.0" encoding="UTF-8"?>
<!-- Generated by org.testng.reporters.JUnitXMLReporter -->
<testsuite hostname="SCAN-IT-PDC206" ignored="0" name="ChromeTest" tests="4" failures="1" timestamp="01 Dec 2019 08:29:52 GMT" time="133.88" errors="0">
  <testcase name="verifyShoppingCategory" time="2.686" classname="testscripts.AmzonSearch"/>
  <testcase name="verifySearch" time="25.017" classname="testscripts.AmzonSearch"/>
  <testcase name="verifySortLowToHighPrice" time="7.336" classname="testscripts.AmzonSearch">
    <failure type="java.lang.AssertionError" message="expected [true] but found [false]">
      <![CDATA[java.lang.AssertionError: expected [true] but found [false]
at testscripts.AmzonSearch.verifySortLowToHighPrice(AmzonSearch.java:140)
... Removed 29 stack frames]]>
    </failure>
  </testcase> <!-- verifySortLowToHighPrice -->
  <testcase name="verifyAddToCart" time="80.452" classname="testscripts.AmzonSearch"/>
</testsuite> <!-- ChromeTest -->
